  AnimatedGraphic.cpp
C:\Users\JU\OneDrive\문서\gf-finalterm-khjkhjoon\CalicoJack\GF20191094\Vector2D.h(25,30): warning C4244: 'return': 'double'에서 'float'(으)로 변환하면서 데이터가 손실될 수 있습니다.
  Enemy.cpp
C:\Users\JU\OneDrive\문서\gf-finalterm-khjkhjoon\CalicoJack\GF20191094\Vector2D.h(25,30): warning C4244: 'return': 'double'에서 'float'(으)로 변환하면서 데이터가 손실될 수 있습니다.
C:\Users\JU\OneDrive\문서\gf-finalterm-khjkhjoon\CalicoJack\GF20191094\Enemy.cpp(20,20): warning C4018: '<': signed 또는 unsigned가 일치하지 않습니다.
C:\Users\JU\OneDrive\문서\gf-finalterm-khjkhjoon\CalicoJack\GF20191094\Enemy.cpp(25,20): warning C4018: '<': signed 또는 unsigned가 일치하지 않습니다.
C:\Users\JU\OneDrive\문서\gf-finalterm-khjkhjoon\CalicoJack\GF20191094\Enemy.cpp(53,20): warning C4018: '<': signed 또는 unsigned가 일치하지 않습니다.
  Game.cpp
C:\Users\JU\OneDrive\문서\gf-finalterm-khjkhjoon\CalicoJack\GF20191094\Vector2D.h(25,30): warning C4244: 'return': 'double'에서 'float'(으)로 변환하면서 데이터가 손실될 수 있습니다.
  GameOverState.cpp
C:\Users\JU\OneDrive\문서\gf-finalterm-khjkhjoon\CalicoJack\GF20191094\Vector2D.h(25,30): warning C4244: 'return': 'double'에서 'float'(으)로 변환하면서 데이터가 손실될 수 있습니다.
C:\Users\JU\OneDrive\문서\gf-finalterm-khjkhjoon\CalicoJack\GF20191094\GameOverState.cpp(26,20): warning C4018: '<': signed 또는 unsigned가 일치하지 않습니다.
C:\Users\JU\OneDrive\문서\gf-finalterm-khjkhjoon\CalicoJack\GF20191094\GameOverState.cpp(32,20): warning C4018: '<': signed 또는 unsigned가 일치하지 않습니다.
C:\Users\JU\OneDrive\문서\gf-finalterm-khjkhjoon\CalicoJack\GF20191094\GameOverState.cpp(70,20): warning C4018: '<': signed 또는 unsigned가 일치하지 않습니다.
  GameStateMachine.cpp
C:\Users\JU\OneDrive\문서\gf-finalterm-khjkhjoon\CalicoJack\GF20191094\Vector2D.h(25,30): warning C4244: 'return': 'double'에서 'float'(으)로 변환하면서 데이터가 손실될 수 있습니다.
  GF20191094.cpp
  InputHandler.cpp
C:\Users\JU\OneDrive\문서\gf-finalterm-khjkhjoon\CalicoJack\GF20191094\Vector2D.h(25,30): warning C4244: 'return': 'double'에서 'float'(으)로 변환하면서 데이터가 손실될 수 있습니다.
C:\Users\JU\OneDrive\문서\gf-finalterm-khjkhjoon\CalicoJack\GF20191094\InputHandler.cpp(26,38): warning C4244: '인수': 'Sint32'에서 'float'(으)로 변환하면서 데이터가 손실될 수 있습니다.
C:\Users\JU\OneDrive\문서\gf-finalterm-khjkhjoon\CalicoJack\GF20191094\InputHandler.cpp(27,38): warning C4244: '인수': 'Sint32'에서 'float'(으)로 변환하면서 데이터가 손실될 수 있습니다.
  main.cpp
C:\Users\JU\OneDrive\문서\gf-finalterm-khjkhjoon\CalicoJack\GF20191094\Vector2D.h(25,30): warning C4244: 'return': 'double'에서 'float'(으)로 변환하면서 데이터가 손실될 수 있습니다.
C:\Users\JU\OneDrive\문서\gf-finalterm-khjkhjoon\CalicoJack\GF20191094\main.cpp(18,33): warning C4244: '초기화 중': 'float'에서 'int'(으)로 변환하면서 데이터가 손실될 수 있습니다.
  MenuButton.cpp
C:\Users\JU\OneDrive\문서\gf-finalterm-khjkhjoon\CalicoJack\GF20191094\Vector2D.h(25,30): warning C4244: 'return': 'double'에서 'float'(으)로 변환하면서 데이터가 손실될 수 있습니다.
  MenuState.cpp
C:\Users\JU\OneDrive\문서\gf-finalterm-khjkhjoon\CalicoJack\GF20191094\MenuState.cpp(14,20): warning C4018: '<': signed 또는 unsigned가 일치하지 않습니다.
C:\Users\JU\OneDrive\문서\gf-finalterm-khjkhjoon\CalicoJack\GF20191094\MenuState.cpp(20,20): warning C4018: '<': signed 또는 unsigned가 일치하지 않습니다.
C:\Users\JU\OneDrive\문서\gf-finalterm-khjkhjoon\CalicoJack\GF20191094\MenuState.cpp(42,20): warning C4018: '<': signed 또는 unsigned가 일치하지 않습니다.
  PauseState.cpp
C:\Users\JU\OneDrive\문서\gf-finalterm-khjkhjoon\CalicoJack\GF20191094\Vector2D.h(25,30): warning C4244: 'return': 'double'에서 'float'(으)로 변환하면서 데이터가 손실될 수 있습니다.
C:\Users\JU\OneDrive\문서\gf-finalterm-khjkhjoon\CalicoJack\GF20191094\PauseState.cpp(10,20): warning C4018: '<': signed 또는 unsigned가 일치하지 않습니다.
C:\Users\JU\OneDrive\문서\gf-finalterm-khjkhjoon\CalicoJack\GF20191094\PauseState.cpp(15,20): warning C4018: '<': signed 또는 unsigned가 일치하지 않습니다.
C:\Users\JU\OneDrive\문서\gf-finalterm-khjkhjoon\CalicoJack\GF20191094\PauseState.cpp(41,20): warning C4018: '<': signed 또는 unsigned가 일치하지 않습니다.
  Player.cpp
C:\Users\JU\OneDrive\문서\gf-finalterm-khjkhjoon\CalicoJack\GF20191094\Vector2D.h(25,30): warning C4244: 'return': 'double'에서 'float'(으)로 변환하면서 데이터가 손실될 수 있습니다.
  PlayState.cpp
C:\Users\JU\OneDrive\문서\gf-finalterm-khjkhjoon\CalicoJack\GF20191094\Vector2D.h(25,30): warning C4244: 'return': 'double'에서 'float'(으)로 변환하면서 데이터가 손실될 수 있습니다.
C:\Users\JU\OneDrive\문서\gf-finalterm-khjkhjoon\CalicoJack\GF20191094\PlayState.cpp(21,20): warning C4018: '<': signed 또는 unsigned가 일치하지 않습니다.
C:\Users\JU\OneDrive\문서\gf-finalterm-khjkhjoon\CalicoJack\GF20191094\PlayState.cpp(32,20): warning C4018: '<': signed 또는 unsigned가 일치하지 않습니다.
C:\Users\JU\OneDrive\문서\gf-finalterm-khjkhjoon\CalicoJack\GF20191094\PlayState.cpp(77,20): warning C4018: '<': signed 또는 unsigned가 일치하지 않습니다.
  SDLGameObject.cpp
C:\Users\JU\OneDrive\문서\gf-finalterm-khjkhjoon\CalicoJack\GF20191094\Vector2D.h(25,30): warning C4244: 'return': 'double'에서 'float'(으)로 변환하면서 데이터가 손실될 수 있습니다.
C:\Users\JU\OneDrive\문서\gf-finalterm-khjkhjoon\CalicoJack\GF20191094\SDLGameObject.cpp(5,64): warning C4244: '인수': 'int'에서 'float'(으)로 변환하면서 데이터가 손실될 수 있습니다.
C:\Users\JU\OneDrive\문서\gf-finalterm-khjkhjoon\CalicoJack\GF20191094\SDLGameObject.cpp(5,47): warning C4244: '인수': 'int'에서 'float'(으)로 변환하면서 데이터가 손실될 수 있습니다.
  TextureManager.cpp
C:\Users\JU\OneDrive\문서\gf-finalterm-khjkhjoon\CalicoJack\GF20191094\Vector2D.h(25,30): warning C4244: 'return': 'double'에서 'float'(으)로 변환하면서 데이터가 손실될 수 있습니다.
  코드를 생성하고 있습니다...
  GF20191094.vcxproj -> C:\Users\JU\OneDrive\문서\gf-finalterm-khjkhjoon\CalicoJack\GF20191094\Debug\GF20191094.exe
